{"D:\\NSALibrary\\global.js":{"path":"D:\\NSALibrary\\global.js","s":{"1":1,"2":1,"3":1,"4":1,"5":1,"6":1,"7":1,"8":1,"9":1,"10":1,"11":1,"12":1,"13":1,"14":1},"b":{},"f":{},"fnMap":{},"statementMap":{"1":{"start":{"line":4,"column":0},"end":{"line":4,"column":44}},"2":{"start":{"line":5,"column":0},"end":{"line":5,"column":54}},"3":{"start":{"line":8,"column":0},"end":{"line":8,"column":48}},"4":{"start":{"line":9,"column":0},"end":{"line":9,"column":62}},"5":{"start":{"line":10,"column":0},"end":{"line":10,"column":44}},"6":{"start":{"line":11,"column":0},"end":{"line":11,"column":58}},"7":{"start":{"line":12,"column":0},"end":{"line":12,"column":54}},"8":{"start":{"line":13,"column":0},"end":{"line":13,"column":50}},"9":{"start":{"line":16,"column":0},"end":{"line":16,"column":32}},"10":{"start":{"line":19,"column":0},"end":{"line":19,"column":26}},"11":{"start":{"line":20,"column":0},"end":{"line":20,"column":19}},"12":{"start":{"line":23,"column":0},"end":{"line":23,"column":18}},"13":{"start":{"line":26,"column":0},"end":{"line":26,"column":27}},"14":{"start":{"line":27,"column":0},"end":{"line":27,"column":41}}},"branchMap":{}},"D:\\NSALibrary\\NsaMethods.js":{"path":"D:\\NSALibrary\\NsaMethods.js","s":{"1":1,"2":1,"3":1,"4":1,"5":1,"6":1,"7":1,"8":2,"9":1,"10":1,"11":1,"12":2,"13":1,"14":1,"15":1,"16":1,"17":1,"18":1,"19":1,"20":1,"21":1,"22":1,"23":1,"24":1,"25":1,"26":1},"b":{},"f":{"1":1,"2":1,"3":1,"4":1,"5":2,"6":1,"7":1,"8":1,"9":2,"10":1,"11":1,"12":1,"13":1,"14":1,"15":1,"16":1,"17":1,"18":1,"19":1,"20":1,"21":1,"22":1,"23":1},"fnMap":{"1":{"name":"(anonymous_1)","line":12,"loc":{"start":{"line":12,"column":13},"end":{"line":12,"column":46}}},"2":{"name":"(anonymous_2)","line":17,"loc":{"start":{"line":17,"column":14},"end":{"line":17,"column":47}}},"3":{"name":"(anonymous_3)","line":21,"loc":{"start":{"line":21,"column":15},"end":{"line":21,"column":61}}},"4":{"name":"(anonymous_4)","line":25,"loc":{"start":{"line":25,"column":21},"end":{"line":25,"column":67}}},"5":{"name":"(anonymous_5)","line":30,"loc":{"start":{"line":30,"column":24},"end":{"line":30,"column":77}}},"6":{"name":"(anonymous_6)","line":34,"loc":{"start":{"line":34,"column":31},"end":{"line":34,"column":64}}},"7":{"name":"(anonymous_7)","line":38,"loc":{"start":{"line":38,"column":12},"end":{"line":38,"column":45}}},"8":{"name":"(anonymous_8)","line":43,"loc":{"start":{"line":43,"column":21},"end":{"line":43,"column":54}}},"9":{"name":"(anonymous_9)","line":47,"loc":{"start":{"line":47,"column":29},"end":{"line":47,"column":62}}},"10":{"name":"(anonymous_10)","line":51,"loc":{"start":{"line":51,"column":22},"end":{"line":51,"column":68}}},"11":{"name":"(anonymous_11)","line":55,"loc":{"start":{"line":55,"column":27},"end":{"line":55,"column":73}}},"12":{"name":"(anonymous_12)","line":59,"loc":{"start":{"line":59,"column":30},"end":{"line":59,"column":63}}},"13":{"name":"(anonymous_13)","line":63,"loc":{"start":{"line":63,"column":30},"end":{"line":63,"column":76}}},"14":{"name":"(anonymous_14)","line":68,"loc":{"start":{"line":68,"column":19},"end":{"line":68,"column":52}}},"15":{"name":"(anonymous_15)","line":72,"loc":{"start":{"line":72,"column":35},"end":{"line":72,"column":68}}},"16":{"name":"(anonymous_16)","line":76,"loc":{"start":{"line":76,"column":38},"end":{"line":76,"column":84}}},"17":{"name":"(anonymous_17)","line":80,"loc":{"start":{"line":80,"column":31},"end":{"line":80,"column":77}}},"18":{"name":"(anonymous_18)","line":84,"loc":{"start":{"line":84,"column":33},"end":{"line":84,"column":79}}},"19":{"name":"(anonymous_19)","line":88,"loc":{"start":{"line":88,"column":30},"end":{"line":88,"column":63}}},"20":{"name":"(anonymous_20)","line":92,"loc":{"start":{"line":92,"column":30},"end":{"line":92,"column":76}}},"21":{"name":"(anonymous_21)","line":97,"loc":{"start":{"line":97,"column":17},"end":{"line":97,"column":50}}},"22":{"name":"(anonymous_22)","line":101,"loc":{"start":{"line":101,"column":24},"end":{"line":101,"column":57}}},"23":{"name":"(anonymous_23)","line":105,"loc":{"start":{"line":105,"column":22},"end":{"line":105,"column":55}}}},"statementMap":{"1":{"start":{"line":4,"column":0},"end":{"line":4,"column":33}},"2":{"start":{"line":7,"column":0},"end":{"line":7,"column":47}},"3":{"start":{"line":10,"column":0},"end":{"line":111,"column":1}},"4":{"start":{"line":13,"column":8},"end":{"line":13,"column":90}},"5":{"start":{"line":18,"column":8},"end":{"line":18,"column":101}},"6":{"start":{"line":22,"column":8},"end":{"line":22,"column":115}},"7":{"start":{"line":26,"column":8},"end":{"line":26,"column":121}},"8":{"start":{"line":31,"column":8},"end":{"line":31,"column":125}},"9":{"start":{"line":35,"column":8},"end":{"line":35,"column":127}},"10":{"start":{"line":39,"column":8},"end":{"line":39,"column":108}},"11":{"start":{"line":44,"column":8},"end":{"line":44,"column":115}},"12":{"start":{"line":48,"column":8},"end":{"line":48,"column":123}},"13":{"start":{"line":52,"column":8},"end":{"line":52,"column":129}},"14":{"start":{"line":56,"column":8},"end":{"line":56,"column":134}},"15":{"start":{"line":60,"column":8},"end":{"line":60,"column":124}},"16":{"start":{"line":64,"column":8},"end":{"line":64,"column":137}},"17":{"start":{"line":69,"column":8},"end":{"line":69,"column":111}},"18":{"start":{"line":73,"column":8},"end":{"line":73,"column":127}},"19":{"start":{"line":77,"column":8},"end":{"line":77,"column":143}},"20":{"start":{"line":81,"column":8},"end":{"line":81,"column":136}},"21":{"start":{"line":85,"column":8},"end":{"line":85,"column":138}},"22":{"start":{"line":89,"column":8},"end":{"line":89,"column":122}},"23":{"start":{"line":93,"column":8},"end":{"line":93,"column":135}},"24":{"start":{"line":98,"column":8},"end":{"line":98,"column":107}},"25":{"start":{"line":102,"column":8},"end":{"line":102,"column":114}},"26":{"start":{"line":106,"column":8},"end":{"line":106,"column":112}}},"branchMap":{}},"D:\\NSALibrary\\NsaMethods.basic.js":{"path":"D:\\NSALibrary\\NsaMethods.basic.js","s":{"1":1,"2":1,"3":1,"4":23,"5":1},"b":{},"f":{"1":23},"fnMap":{"1":{"name":"nsaMethod","line":138,"loc":{"start":{"line":138,"column":0},"end":{"line":138,"column":24}}}},"statementMap":{"1":{"start":{"line":3,"column":0},"end":{"line":3,"column":33}},"2":{"start":{"line":6,"column":0},"end":{"line":130,"column":1}},"3":{"start":{"line":138,"column":0},"end":{"line":144,"column":1}},"4":{"start":{"line":140,"column":4},"end":{"line":143,"column":5}},"5":{"start":{"line":146,"column":0},"end":{"line":146,"column":29}}},"branchMap":{}},"D:\\NSALibrary\\resources\\welcome.js":{"path":"D:\\NSALibrary\\resources\\welcome.js","s":{"1":1,"2":1,"3":3,"4":3,"5":3,"6":1,"7":1,"8":3,"9":2,"10":2,"11":2,"12":2,"13":2,"14":3},"b":{},"f":{"1":3,"2":2,"3":1,"4":2,"5":2,"6":2},"fnMap":{"1":{"name":"(anonymous_1)","line":9,"loc":{"start":{"line":9,"column":16},"end":{"line":9,"column":61}}},"2":{"name":"(anonymous_2)","line":20,"loc":{"start":{"line":20,"column":53},"end":{"line":20,"column":73}}},"3":{"name":"(anonymous_3)","line":23,"loc":{"start":{"line":23,"column":28},"end":{"line":23,"column":45}}},"4":{"name":"(anonymous_4)","line":32,"loc":{"start":{"line":32,"column":31},"end":{"line":32,"column":51}}},"5":{"name":"(anonymous_5)","line":36,"loc":{"start":{"line":36,"column":32},"end":{"line":36,"column":49}}},"6":{"name":"(anonymous_6)","line":40,"loc":{"start":{"line":40,"column":31},"end":{"line":40,"column":43}}}},"statementMap":{"1":{"start":{"line":4,"column":0},"end":{"line":4,"column":34}},"2":{"start":{"line":6,"column":0},"end":{"line":50,"column":1}},"3":{"start":{"line":12,"column":8},"end":{"line":17,"column":10}},"4":{"start":{"line":20,"column":8},"end":{"line":20,"column":78}},"5":{"start":{"line":23,"column":8},"end":{"line":29,"column":11}},"6":{"start":{"line":25,"column":12},"end":{"line":25,"column":59}},"7":{"start":{"line":27,"column":12},"end":{"line":27,"column":18}},"8":{"start":{"line":32,"column":8},"end":{"line":46,"column":11}},"9":{"start":{"line":34,"column":12},"end":{"line":34,"column":26}},"10":{"start":{"line":36,"column":12},"end":{"line":38,"column":15}},"11":{"start":{"line":37,"column":16},"end":{"line":37,"column":30}},"12":{"start":{"line":40,"column":12},"end":{"line":44,"column":15}},"13":{"start":{"line":42,"column":16},"end":{"line":42,"column":63}},"14":{"start":{"line":48,"column":8},"end":{"line":48,"column":22}}},"branchMap":{}},"D:\\NSALibrary\\resources\\authorizations.js":{"path":"D:\\NSALibrary\\resources\\authorizations.js","s":{"1":1,"2":1,"3":1,"4":5,"5":5,"6":5,"7":5,"8":1,"9":1,"10":5,"11":4,"12":4,"13":4,"14":4,"15":4,"16":5,"17":4,"18":4,"19":4,"20":4,"21":1,"22":1,"23":4,"24":3,"25":3,"26":3,"27":3,"28":3,"29":4,"30":5,"31":5,"32":5,"33":5,"34":1,"35":1,"36":5,"37":4,"38":4,"39":2,"40":4,"41":4,"42":5},"b":{},"f":{"1":5,"2":4,"3":1,"4":4,"5":4,"6":4,"7":4,"8":3,"9":1,"10":3,"11":3,"12":3,"13":5,"14":4,"15":1,"16":4,"17":2,"18":4},"fnMap":{"1":{"name":"(anonymous_1)","line":12,"loc":{"start":{"line":12,"column":24},"end":{"line":12,"column":89}}},"2":{"name":"(anonymous_2)","line":27,"loc":{"start":{"line":27,"column":53},"end":{"line":27,"column":73}}},"3":{"name":"(anonymous_3)","line":30,"loc":{"start":{"line":30,"column":28},"end":{"line":30,"column":45}}},"4":{"name":"(anonymous_4)","line":39,"loc":{"start":{"line":39,"column":31},"end":{"line":39,"column":51}}},"5":{"name":"(anonymous_5)","line":43,"loc":{"start":{"line":43,"column":32},"end":{"line":43,"column":49}}},"6":{"name":"(anonymous_6)","line":49,"loc":{"start":{"line":49,"column":31},"end":{"line":49,"column":43}}},"7":{"name":"(anonymous_7)","line":63,"loc":{"start":{"line":63,"column":31},"end":{"line":63,"column":90}}},"8":{"name":"(anonymous_8)","line":81,"loc":{"start":{"line":81,"column":53},"end":{"line":81,"column":73}}},"9":{"name":"(anonymous_9)","line":85,"loc":{"start":{"line":85,"column":28},"end":{"line":85,"column":45}}},"10":{"name":"(anonymous_10)","line":94,"loc":{"start":{"line":94,"column":31},"end":{"line":94,"column":51}}},"11":{"name":"(anonymous_11)","line":98,"loc":{"start":{"line":98,"column":32},"end":{"line":98,"column":49}}},"12":{"name":"(anonymous_12)","line":102,"loc":{"start":{"line":102,"column":31},"end":{"line":102,"column":43}}},"13":{"name":"(anonymous_13)","line":114,"loc":{"start":{"line":114,"column":12},"end":{"line":114,"column":71}}},"14":{"name":"(anonymous_14)","line":132,"loc":{"start":{"line":132,"column":53},"end":{"line":132,"column":73}}},"15":{"name":"(anonymous_15)","line":135,"loc":{"start":{"line":135,"column":28},"end":{"line":135,"column":45}}},"16":{"name":"(anonymous_16)","line":144,"loc":{"start":{"line":144,"column":31},"end":{"line":144,"column":51}}},"17":{"name":"(anonymous_17)","line":148,"loc":{"start":{"line":148,"column":32},"end":{"line":148,"column":49}}},"18":{"name":"(anonymous_18)","line":152,"loc":{"start":{"line":152,"column":31},"end":{"line":152,"column":43}}}},"statementMap":{"1":{"start":{"line":4,"column":0},"end":{"line":4,"column":34}},"2":{"start":{"line":7,"column":0},"end":{"line":7,"column":9}},"3":{"start":{"line":9,"column":0},"end":{"line":164,"column":1}},"4":{"start":{"line":15,"column":7},"end":{"line":15,"column":43}},"5":{"start":{"line":18,"column":8},"end":{"line":24,"column":9}},"6":{"start":{"line":27,"column":8},"end":{"line":27,"column":78}},"7":{"start":{"line":30,"column":8},"end":{"line":36,"column":11}},"8":{"start":{"line":32,"column":12},"end":{"line":32,"column":59}},"9":{"start":{"line":34,"column":12},"end":{"line":34,"column":18}},"10":{"start":{"line":39,"column":8},"end":{"line":56,"column":11}},"11":{"start":{"line":41,"column":12},"end":{"line":41,"column":26}},"12":{"start":{"line":43,"column":12},"end":{"line":45,"column":15}},"13":{"start":{"line":44,"column":16},"end":{"line":44,"column":30}},"14":{"start":{"line":49,"column":12},"end":{"line":54,"column":15}},"15":{"start":{"line":52,"column":16},"end":{"line":52,"column":75}},"16":{"start":{"line":58,"column":8},"end":{"line":58,"column":22}},"17":{"start":{"line":66,"column":8},"end":{"line":66,"column":39}},"18":{"start":{"line":69,"column":8},"end":{"line":78,"column":9}},"19":{"start":{"line":81,"column":8},"end":{"line":81,"column":78}},"20":{"start":{"line":85,"column":8},"end":{"line":91,"column":11}},"21":{"start":{"line":87,"column":12},"end":{"line":87,"column":59}},"22":{"start":{"line":89,"column":12},"end":{"line":89,"column":18}},"23":{"start":{"line":94,"column":8},"end":{"line":108,"column":11}},"24":{"start":{"line":96,"column":12},"end":{"line":96,"column":26}},"25":{"start":{"line":98,"column":12},"end":{"line":100,"column":15}},"26":{"start":{"line":99,"column":16},"end":{"line":99,"column":30}},"27":{"start":{"line":102,"column":12},"end":{"line":106,"column":15}},"28":{"start":{"line":105,"column":16},"end":{"line":105,"column":75}},"29":{"start":{"line":110,"column":8},"end":{"line":110,"column":22}},"30":{"start":{"line":117,"column":8},"end":{"line":117,"column":39}},"31":{"start":{"line":120,"column":8},"end":{"line":129,"column":9}},"32":{"start":{"line":132,"column":8},"end":{"line":132,"column":78}},"33":{"start":{"line":135,"column":8},"end":{"line":141,"column":11}},"34":{"start":{"line":137,"column":12},"end":{"line":137,"column":59}},"35":{"start":{"line":139,"column":12},"end":{"line":139,"column":18}},"36":{"start":{"line":144,"column":8},"end":{"line":159,"column":11}},"37":{"start":{"line":146,"column":12},"end":{"line":146,"column":26}},"38":{"start":{"line":148,"column":12},"end":{"line":150,"column":15}},"39":{"start":{"line":149,"column":16},"end":{"line":149,"column":30}},"40":{"start":{"line":152,"column":12},"end":{"line":157,"column":15}},"41":{"start":{"line":155,"column":16},"end":{"line":155,"column":63}},"42":{"start":{"line":161,"column":8},"end":{"line":161,"column":22}}},"branchMap":{}},"D:\\NSALibrary\\resources\\users.js":{"path":"D:\\NSALibrary\\resources\\users.js","s":{"1":1,"2":1,"3":5,"4":5,"5":5,"6":5,"7":1,"8":1,"9":5,"10":4,"11":4,"12":4,"13":4,"14":4,"15":5,"16":11,"17":11,"18":11,"19":11,"20":1,"21":1,"22":11,"23":11,"24":10,"25":10,"26":10,"27":10,"28":10,"29":11,"30":10,"31":10,"32":10,"33":10,"34":1,"35":1,"36":10,"37":10,"38":9,"39":9,"40":9,"41":9,"42":9,"43":10},"b":{},"f":{"1":5,"2":4,"3":1,"4":4,"5":4,"6":4,"7":11,"8":10,"9":1,"10":10,"11":10,"12":10,"13":10,"14":9,"15":1,"16":9,"17":9,"18":9},"fnMap":{"1":{"name":"(anonymous_1)","line":9,"loc":{"start":{"line":9,"column":12},"end":{"line":9,"column":64}}},"2":{"name":"(anonymous_2)","line":28,"loc":{"start":{"line":28,"column":49},"end":{"line":28,"column":69}}},"3":{"name":"(anonymous_3)","line":31,"loc":{"start":{"line":31,"column":24},"end":{"line":31,"column":41}}},"4":{"name":"(anonymous_4)","line":40,"loc":{"start":{"line":40,"column":27},"end":{"line":40,"column":47}}},"5":{"name":"(anonymous_5)","line":44,"loc":{"start":{"line":44,"column":26},"end":{"line":44,"column":43}}},"6":{"name":"(anonymous_6)","line":48,"loc":{"start":{"line":48,"column":25},"end":{"line":48,"column":37}}},"7":{"name":"(anonymous_7)","line":61,"loc":{"start":{"line":61,"column":13},"end":{"line":61,"column":78}}},"8":{"name":"(anonymous_8)","line":80,"loc":{"start":{"line":80,"column":49},"end":{"line":80,"column":69}}},"9":{"name":"(anonymous_9)","line":83,"loc":{"start":{"line":83,"column":24},"end":{"line":83,"column":41}}},"10":{"name":"(anonymous_10)","line":94,"loc":{"start":{"line":94,"column":27},"end":{"line":94,"column":47}}},"11":{"name":"(anonymous_11)","line":98,"loc":{"start":{"line":98,"column":26},"end":{"line":98,"column":43}}},"12":{"name":"(anonymous_12)","line":102,"loc":{"start":{"line":102,"column":25},"end":{"line":102,"column":37}}},"13":{"name":"(anonymous_13)","line":115,"loc":{"start":{"line":115,"column":19},"end":{"line":115,"column":84}}},"14":{"name":"(anonymous_14)","line":135,"loc":{"start":{"line":135,"column":49},"end":{"line":135,"column":69}}},"15":{"name":"(anonymous_15)","line":138,"loc":{"start":{"line":138,"column":24},"end":{"line":138,"column":41}}},"16":{"name":"(anonymous_16)","line":150,"loc":{"start":{"line":150,"column":27},"end":{"line":150,"column":47}}},"17":{"name":"(anonymous_17)","line":154,"loc":{"start":{"line":154,"column":26},"end":{"line":154,"column":43}}},"18":{"name":"(anonymous_18)","line":158,"loc":{"start":{"line":158,"column":25},"end":{"line":158,"column":37}}}},"statementMap":{"1":{"start":{"line":4,"column":0},"end":{"line":4,"column":34}},"2":{"start":{"line":6,"column":0},"end":{"line":170,"column":1}},"3":{"start":{"line":12,"column":4},"end":{"line":12,"column":29}},"4":{"start":{"line":15,"column":4},"end":{"line":25,"column":5}},"5":{"start":{"line":28,"column":4},"end":{"line":28,"column":74}},"6":{"start":{"line":31,"column":4},"end":{"line":37,"column":7}},"7":{"start":{"line":33,"column":6},"end":{"line":33,"column":53}},"8":{"start":{"line":35,"column":6},"end":{"line":35,"column":12}},"9":{"start":{"line":40,"column":4},"end":{"line":55,"column":7}},"10":{"start":{"line":42,"column":6},"end":{"line":42,"column":20}},"11":{"start":{"line":44,"column":6},"end":{"line":46,"column":9}},"12":{"start":{"line":45,"column":8},"end":{"line":45,"column":22}},"13":{"start":{"line":48,"column":6},"end":{"line":53,"column":9}},"14":{"start":{"line":51,"column":8},"end":{"line":51,"column":67}},"15":{"start":{"line":57,"column":4},"end":{"line":57,"column":18}},"16":{"start":{"line":64,"column":4},"end":{"line":64,"column":29}},"17":{"start":{"line":67,"column":4},"end":{"line":77,"column":5}},"18":{"start":{"line":80,"column":4},"end":{"line":80,"column":74}},"19":{"start":{"line":83,"column":4},"end":{"line":89,"column":7}},"20":{"start":{"line":85,"column":6},"end":{"line":85,"column":53}},"21":{"start":{"line":87,"column":6},"end":{"line":87,"column":12}},"22":{"start":{"line":92,"column":4},"end":{"line":92,"column":30}},"23":{"start":{"line":94,"column":4},"end":{"line":109,"column":7}},"24":{"start":{"line":96,"column":6},"end":{"line":96,"column":20}},"25":{"start":{"line":98,"column":6},"end":{"line":100,"column":9}},"26":{"start":{"line":99,"column":8},"end":{"line":99,"column":22}},"27":{"start":{"line":102,"column":6},"end":{"line":107,"column":9}},"28":{"start":{"line":105,"column":8},"end":{"line":105,"column":67}},"29":{"start":{"line":111,"column":4},"end":{"line":111,"column":18}},"30":{"start":{"line":118,"column":4},"end":{"line":118,"column":29}},"31":{"start":{"line":121,"column":4},"end":{"line":132,"column":5}},"32":{"start":{"line":135,"column":4},"end":{"line":135,"column":74}},"33":{"start":{"line":138,"column":4},"end":{"line":144,"column":7}},"34":{"start":{"line":140,"column":6},"end":{"line":140,"column":53}},"35":{"start":{"line":142,"column":6},"end":{"line":142,"column":12}},"36":{"start":{"line":147,"column":4},"end":{"line":147,"column":30}},"37":{"start":{"line":150,"column":4},"end":{"line":165,"column":7}},"38":{"start":{"line":152,"column":6},"end":{"line":152,"column":20}},"39":{"start":{"line":154,"column":6},"end":{"line":156,"column":9}},"40":{"start":{"line":155,"column":8},"end":{"line":155,"column":22}},"41":{"start":{"line":158,"column":6},"end":{"line":163,"column":9}},"42":{"start":{"line":161,"column":8},"end":{"line":161,"column":67}},"43":{"start":{"line":167,"column":4},"end":{"line":167,"column":18}}},"branchMap":{}},"D:\\NSALibrary\\resources\\availability.js":{"path":"D:\\NSALibrary\\resources\\availability.js","s":{"1":1,"2":1,"3":4,"4":4,"5":4,"6":4,"7":1,"8":1,"9":4,"10":3,"11":3,"12":3,"13":3,"14":3,"15":4,"16":5,"17":5,"18":5,"19":5,"20":1,"21":1,"22":5,"23":4,"24":4,"25":4,"26":4,"27":4,"28":5,"29":7,"30":7,"31":7,"32":7,"33":1,"34":1,"35":7,"36":7,"37":6,"38":6,"39":6,"40":6,"41":6,"42":7,"43":8,"44":8,"45":8,"46":8,"47":1,"48":1,"49":8,"50":8,"51":7,"52":7,"53":7,"54":7,"55":7,"56":8,"57":6,"58":6,"59":6,"60":6,"61":1,"62":1,"63":6,"64":5,"65":5,"66":5,"67":5,"68":5,"69":6,"70":6,"71":6,"72":6,"73":6,"74":1,"75":1,"76":6,"77":6,"78":5,"79":5,"80":5,"81":5,"82":5,"83":6},"b":{},"f":{"1":4,"2":3,"3":1,"4":3,"5":3,"6":3,"7":5,"8":4,"9":1,"10":4,"11":4,"12":4,"13":7,"14":6,"15":1,"16":6,"17":6,"18":6,"19":8,"20":7,"21":1,"22":7,"23":7,"24":7,"25":6,"26":5,"27":1,"28":5,"29":5,"30":5,"31":6,"32":5,"33":1,"34":5,"35":5,"36":5},"fnMap":{"1":{"name":"(anonymous_1)","line":9,"loc":{"start":{"line":9,"column":19},"end":{"line":9,"column":71}}},"2":{"name":"(anonymous_2)","line":28,"loc":{"start":{"line":28,"column":49},"end":{"line":28,"column":69}}},"3":{"name":"(anonymous_3)","line":32,"loc":{"start":{"line":32,"column":24},"end":{"line":32,"column":41}}},"4":{"name":"(anonymous_4)","line":41,"loc":{"start":{"line":41,"column":27},"end":{"line":41,"column":47}}},"5":{"name":"(anonymous_5)","line":45,"loc":{"start":{"line":45,"column":26},"end":{"line":45,"column":43}}},"6":{"name":"(anonymous_6)","line":49,"loc":{"start":{"line":49,"column":25},"end":{"line":49,"column":37}}},"7":{"name":"(anonymous_7)","line":61,"loc":{"start":{"line":61,"column":27},"end":{"line":61,"column":79}}},"8":{"name":"(anonymous_8)","line":80,"loc":{"start":{"line":80,"column":49},"end":{"line":80,"column":69}}},"9":{"name":"(anonymous_9)","line":83,"loc":{"start":{"line":83,"column":24},"end":{"line":83,"column":41}}},"10":{"name":"(anonymous_10)","line":92,"loc":{"start":{"line":92,"column":27},"end":{"line":92,"column":47}}},"11":{"name":"(anonymous_11)","line":96,"loc":{"start":{"line":96,"column":26},"end":{"line":96,"column":43}}},"12":{"name":"(anonymous_12)","line":100,"loc":{"start":{"line":100,"column":25},"end":{"line":100,"column":37}}},"13":{"name":"(anonymous_13)","line":113,"loc":{"start":{"line":113,"column":20},"end":{"line":113,"column":85}}},"14":{"name":"(anonymous_14)","line":133,"loc":{"start":{"line":133,"column":49},"end":{"line":133,"column":69}}},"15":{"name":"(anonymous_15)","line":136,"loc":{"start":{"line":136,"column":24},"end":{"line":136,"column":41}}},"16":{"name":"(anonymous_16)","line":147,"loc":{"start":{"line":147,"column":27},"end":{"line":147,"column":47}}},"17":{"name":"(anonymous_17)","line":151,"loc":{"start":{"line":151,"column":26},"end":{"line":151,"column":43}}},"18":{"name":"(anonymous_18)","line":155,"loc":{"start":{"line":155,"column":25},"end":{"line":155,"column":37}}},"19":{"name":"(anonymous_19)","line":167,"loc":{"start":{"line":167,"column":25},"end":{"line":167,"column":90}}},"20":{"name":"(anonymous_20)","line":187,"loc":{"start":{"line":187,"column":49},"end":{"line":187,"column":69}}},"21":{"name":"(anonymous_21)","line":190,"loc":{"start":{"line":190,"column":24},"end":{"line":190,"column":41}}},"22":{"name":"(anonymous_22)","line":201,"loc":{"start":{"line":201,"column":27},"end":{"line":201,"column":47}}},"23":{"name":"(anonymous_23)","line":205,"loc":{"start":{"line":205,"column":26},"end":{"line":205,"column":43}}},"24":{"name":"(anonymous_24)","line":209,"loc":{"start":{"line":209,"column":25},"end":{"line":209,"column":37}}},"25":{"name":"(anonymous_25)","line":221,"loc":{"start":{"line":221,"column":28},"end":{"line":221,"column":80}}},"26":{"name":"(anonymous_26)","line":241,"loc":{"start":{"line":241,"column":49},"end":{"line":241,"column":69}}},"27":{"name":"(anonymous_27)","line":244,"loc":{"start":{"line":244,"column":24},"end":{"line":244,"column":41}}},"28":{"name":"(anonymous_28)","line":253,"loc":{"start":{"line":253,"column":27},"end":{"line":253,"column":47}}},"29":{"name":"(anonymous_29)","line":257,"loc":{"start":{"line":257,"column":26},"end":{"line":257,"column":43}}},"30":{"name":"(anonymous_30)","line":261,"loc":{"start":{"line":261,"column":25},"end":{"line":261,"column":37}}},"31":{"name":"(anonymous_31)","line":273,"loc":{"start":{"line":273,"column":28},"end":{"line":273,"column":93}}},"32":{"name":"(anonymous_32)","line":293,"loc":{"start":{"line":293,"column":49},"end":{"line":293,"column":69}}},"33":{"name":"(anonymous_33)","line":296,"loc":{"start":{"line":296,"column":24},"end":{"line":296,"column":41}}},"34":{"name":"(anonymous_34)","line":307,"loc":{"start":{"line":307,"column":27},"end":{"line":307,"column":47}}},"35":{"name":"(anonymous_35)","line":311,"loc":{"start":{"line":311,"column":26},"end":{"line":311,"column":43}}},"36":{"name":"(anonymous_36)","line":315,"loc":{"start":{"line":315,"column":25},"end":{"line":315,"column":37}}}},"statementMap":{"1":{"start":{"line":4,"column":0},"end":{"line":4,"column":34}},"2":{"start":{"line":6,"column":0},"end":{"line":326,"column":1}},"3":{"start":{"line":12,"column":4},"end":{"line":12,"column":29}},"4":{"start":{"line":15,"column":4},"end":{"line":25,"column":5}},"5":{"start":{"line":28,"column":4},"end":{"line":28,"column":74}},"6":{"start":{"line":32,"column":4},"end":{"line":38,"column":7}},"7":{"start":{"line":34,"column":6},"end":{"line":34,"column":53}},"8":{"start":{"line":36,"column":6},"end":{"line":36,"column":12}},"9":{"start":{"line":41,"column":4},"end":{"line":55,"column":7}},"10":{"start":{"line":43,"column":6},"end":{"line":43,"column":20}},"11":{"start":{"line":45,"column":6},"end":{"line":47,"column":9}},"12":{"start":{"line":46,"column":8},"end":{"line":46,"column":22}},"13":{"start":{"line":49,"column":6},"end":{"line":53,"column":9}},"14":{"start":{"line":52,"column":8},"end":{"line":52,"column":67}},"15":{"start":{"line":57,"column":4},"end":{"line":57,"column":18}},"16":{"start":{"line":64,"column":4},"end":{"line":64,"column":29}},"17":{"start":{"line":67,"column":4},"end":{"line":77,"column":5}},"18":{"start":{"line":80,"column":4},"end":{"line":80,"column":74}},"19":{"start":{"line":83,"column":4},"end":{"line":89,"column":7}},"20":{"start":{"line":85,"column":6},"end":{"line":85,"column":53}},"21":{"start":{"line":87,"column":6},"end":{"line":87,"column":12}},"22":{"start":{"line":92,"column":4},"end":{"line":106,"column":7}},"23":{"start":{"line":94,"column":6},"end":{"line":94,"column":20}},"24":{"start":{"line":96,"column":6},"end":{"line":98,"column":9}},"25":{"start":{"line":97,"column":8},"end":{"line":97,"column":22}},"26":{"start":{"line":100,"column":6},"end":{"line":104,"column":9}},"27":{"start":{"line":103,"column":8},"end":{"line":103,"column":67}},"28":{"start":{"line":108,"column":4},"end":{"line":108,"column":18}},"29":{"start":{"line":116,"column":4},"end":{"line":116,"column":29}},"30":{"start":{"line":119,"column":4},"end":{"line":130,"column":5}},"31":{"start":{"line":133,"column":4},"end":{"line":133,"column":74}},"32":{"start":{"line":136,"column":4},"end":{"line":142,"column":7}},"33":{"start":{"line":138,"column":6},"end":{"line":138,"column":53}},"34":{"start":{"line":140,"column":6},"end":{"line":140,"column":12}},"35":{"start":{"line":145,"column":4},"end":{"line":145,"column":30}},"36":{"start":{"line":147,"column":4},"end":{"line":161,"column":7}},"37":{"start":{"line":149,"column":6},"end":{"line":149,"column":20}},"38":{"start":{"line":151,"column":6},"end":{"line":153,"column":9}},"39":{"start":{"line":152,"column":8},"end":{"line":152,"column":22}},"40":{"start":{"line":155,"column":6},"end":{"line":159,"column":9}},"41":{"start":{"line":158,"column":8},"end":{"line":158,"column":67}},"42":{"start":{"line":163,"column":4},"end":{"line":163,"column":18}},"43":{"start":{"line":170,"column":4},"end":{"line":170,"column":29}},"44":{"start":{"line":173,"column":4},"end":{"line":184,"column":5}},"45":{"start":{"line":187,"column":4},"end":{"line":187,"column":74}},"46":{"start":{"line":190,"column":4},"end":{"line":196,"column":7}},"47":{"start":{"line":192,"column":6},"end":{"line":192,"column":53}},"48":{"start":{"line":194,"column":6},"end":{"line":194,"column":12}},"49":{"start":{"line":199,"column":4},"end":{"line":199,"column":30}},"50":{"start":{"line":201,"column":4},"end":{"line":215,"column":7}},"51":{"start":{"line":203,"column":6},"end":{"line":203,"column":20}},"52":{"start":{"line":205,"column":6},"end":{"line":207,"column":9}},"53":{"start":{"line":206,"column":8},"end":{"line":206,"column":22}},"54":{"start":{"line":209,"column":6},"end":{"line":213,"column":9}},"55":{"start":{"line":212,"column":8},"end":{"line":212,"column":67}},"56":{"start":{"line":217,"column":4},"end":{"line":217,"column":18}},"57":{"start":{"line":224,"column":4},"end":{"line":224,"column":29}},"58":{"start":{"line":227,"column":4},"end":{"line":238,"column":5}},"59":{"start":{"line":241,"column":4},"end":{"line":241,"column":74}},"60":{"start":{"line":244,"column":4},"end":{"line":250,"column":7}},"61":{"start":{"line":246,"column":6},"end":{"line":246,"column":53}},"62":{"start":{"line":248,"column":6},"end":{"line":248,"column":12}},"63":{"start":{"line":253,"column":4},"end":{"line":267,"column":7}},"64":{"start":{"line":255,"column":6},"end":{"line":255,"column":20}},"65":{"start":{"line":257,"column":6},"end":{"line":259,"column":9}},"66":{"start":{"line":258,"column":8},"end":{"line":258,"column":22}},"67":{"start":{"line":261,"column":6},"end":{"line":265,"column":9}},"68":{"start":{"line":264,"column":8},"end":{"line":264,"column":67}},"69":{"start":{"line":269,"column":4},"end":{"line":269,"column":18}},"70":{"start":{"line":276,"column":4},"end":{"line":276,"column":29}},"71":{"start":{"line":279,"column":4},"end":{"line":290,"column":5}},"72":{"start":{"line":293,"column":4},"end":{"line":293,"column":74}},"73":{"start":{"line":296,"column":4},"end":{"line":302,"column":7}},"74":{"start":{"line":298,"column":6},"end":{"line":298,"column":53}},"75":{"start":{"line":300,"column":6},"end":{"line":300,"column":12}},"76":{"start":{"line":305,"column":4},"end":{"line":305,"column":30}},"77":{"start":{"line":307,"column":4},"end":{"line":321,"column":7}},"78":{"start":{"line":309,"column":6},"end":{"line":309,"column":20}},"79":{"start":{"line":311,"column":6},"end":{"line":313,"column":9}},"80":{"start":{"line":312,"column":8},"end":{"line":312,"column":22}},"81":{"start":{"line":315,"column":6},"end":{"line":319,"column":9}},"82":{"start":{"line":318,"column":8},"end":{"line":318,"column":67}},"83":{"start":{"line":323,"column":4},"end":{"line":323,"column":18}}},"branchMap":{}},"D:\\NSALibrary\\resources\\dispatches.js":{"path":"D:\\NSALibrary\\resources\\dispatches.js","s":{"1":1,"2":1,"3":4,"4":4,"5":4,"6":4,"7":1,"8":1,"9":4,"10":3,"11":3,"12":34,"13":3,"14":3,"15":4,"16":5,"17":5,"18":5,"19":5,"20":1,"21":1,"22":5,"23":4,"24":4,"25":20,"26":4,"27":4,"28":5,"29":8,"30":8,"31":8,"32":8,"33":1,"34":1,"35":8,"36":8,"37":7,"38":7,"39":7,"40":7,"41":7,"42":8,"43":10,"44":10,"45":10,"46":10,"47":1,"48":1,"49":10,"50":10,"51":9,"52":9,"53":9,"54":9,"55":9,"56":10,"57":6,"58":6,"59":6,"60":6,"61":1,"62":1,"63":6,"64":6,"65":5,"66":5,"67":5,"68":5,"69":5,"70":6,"71":5,"72":5,"73":5,"74":5,"75":1,"76":1,"77":5,"78":4,"79":4,"80":20,"81":4,"82":4,"83":5,"84":8,"85":8,"86":8,"87":8,"88":1,"89":1,"90":8,"91":8,"92":7,"93":7,"94":7,"95":7,"96":7,"97":8},"b":{},"f":{"1":4,"2":3,"3":1,"4":3,"5":34,"6":3,"7":5,"8":4,"9":1,"10":4,"11":20,"12":4,"13":8,"14":7,"15":1,"16":7,"17":7,"18":7,"19":10,"20":9,"21":1,"22":9,"23":9,"24":9,"25":6,"26":5,"27":1,"28":5,"29":5,"30":5,"31":5,"32":4,"33":1,"34":4,"35":20,"36":4,"37":8,"38":7,"39":1,"40":7,"41":7,"42":7},"fnMap":{"1":{"name":"(anonymous_1)","line":9,"loc":{"start":{"line":9,"column":19},"end":{"line":9,"column":71}}},"2":{"name":"(anonymous_2)","line":28,"loc":{"start":{"line":28,"column":53},"end":{"line":28,"column":73}}},"3":{"name":"(anonymous_3)","line":31,"loc":{"start":{"line":31,"column":28},"end":{"line":31,"column":45}}},"4":{"name":"(anonymous_4)","line":40,"loc":{"start":{"line":40,"column":31},"end":{"line":40,"column":51}}},"5":{"name":"(anonymous_5)","line":44,"loc":{"start":{"line":44,"column":32},"end":{"line":44,"column":49}}},"6":{"name":"(anonymous_6)","line":49,"loc":{"start":{"line":49,"column":31},"end":{"line":49,"column":43}}},"7":{"name":"(anonymous_7)","line":62,"loc":{"start":{"line":62,"column":35},"end":{"line":62,"column":87}}},"8":{"name":"(anonymous_8)","line":81,"loc":{"start":{"line":81,"column":53},"end":{"line":81,"column":73}}},"9":{"name":"(anonymous_9)","line":84,"loc":{"start":{"line":84,"column":28},"end":{"line":84,"column":45}}},"10":{"name":"(anonymous_10)","line":93,"loc":{"start":{"line":93,"column":31},"end":{"line":93,"column":51}}},"11":{"name":"(anonymous_11)","line":97,"loc":{"start":{"line":97,"column":32},"end":{"line":97,"column":49}}},"12":{"name":"(anonymous_12)","line":102,"loc":{"start":{"line":102,"column":31},"end":{"line":102,"column":43}}},"13":{"name":"(anonymous_13)","line":115,"loc":{"start":{"line":115,"column":38},"end":{"line":115,"column":103}}},"14":{"name":"(anonymous_14)","line":134,"loc":{"start":{"line":134,"column":53},"end":{"line":134,"column":73}}},"15":{"name":"(anonymous_15)","line":137,"loc":{"start":{"line":137,"column":28},"end":{"line":137,"column":45}}},"16":{"name":"(anonymous_16)","line":149,"loc":{"start":{"line":149,"column":31},"end":{"line":149,"column":51}}},"17":{"name":"(anonymous_17)","line":153,"loc":{"start":{"line":153,"column":32},"end":{"line":153,"column":49}}},"18":{"name":"(anonymous_18)","line":158,"loc":{"start":{"line":158,"column":31},"end":{"line":158,"column":43}}},"19":{"name":"(anonymous_19)","line":171,"loc":{"start":{"line":171,"column":31},"end":{"line":171,"column":96}}},"20":{"name":"(anonymous_20)","line":190,"loc":{"start":{"line":190,"column":53},"end":{"line":190,"column":73}}},"21":{"name":"(anonymous_21)","line":193,"loc":{"start":{"line":193,"column":28},"end":{"line":193,"column":45}}},"22":{"name":"(anonymous_22)","line":205,"loc":{"start":{"line":205,"column":31},"end":{"line":205,"column":51}}},"23":{"name":"(anonymous_23)","line":209,"loc":{"start":{"line":209,"column":32},"end":{"line":209,"column":49}}},"24":{"name":"(anonymous_24)","line":214,"loc":{"start":{"line":214,"column":31},"end":{"line":214,"column":43}}},"25":{"name":"(anonymous_25)","line":227,"loc":{"start":{"line":227,"column":33},"end":{"line":227,"column":98}}},"26":{"name":"(anonymous_26)","line":246,"loc":{"start":{"line":246,"column":53},"end":{"line":246,"column":73}}},"27":{"name":"(anonymous_27)","line":249,"loc":{"start":{"line":249,"column":28},"end":{"line":249,"column":45}}},"28":{"name":"(anonymous_28)","line":261,"loc":{"start":{"line":261,"column":31},"end":{"line":261,"column":51}}},"29":{"name":"(anonymous_29)","line":265,"loc":{"start":{"line":265,"column":32},"end":{"line":265,"column":49}}},"30":{"name":"(anonymous_30)","line":270,"loc":{"start":{"line":270,"column":31},"end":{"line":270,"column":43}}},"31":{"name":"(anonymous_31)","line":283,"loc":{"start":{"line":283,"column":30},"end":{"line":283,"column":82}}},"32":{"name":"(anonymous_32)","line":302,"loc":{"start":{"line":302,"column":53},"end":{"line":302,"column":73}}},"33":{"name":"(anonymous_33)","line":305,"loc":{"start":{"line":305,"column":28},"end":{"line":305,"column":45}}},"34":{"name":"(anonymous_34)","line":314,"loc":{"start":{"line":314,"column":31},"end":{"line":314,"column":51}}},"35":{"name":"(anonymous_35)","line":318,"loc":{"start":{"line":318,"column":32},"end":{"line":318,"column":49}}},"36":{"name":"(anonymous_36)","line":323,"loc":{"start":{"line":323,"column":31},"end":{"line":323,"column":43}}},"37":{"name":"(anonymous_37)","line":336,"loc":{"start":{"line":336,"column":30},"end":{"line":336,"column":95}}},"38":{"name":"(anonymous_38)","line":355,"loc":{"start":{"line":355,"column":53},"end":{"line":355,"column":73}}},"39":{"name":"(anonymous_39)","line":358,"loc":{"start":{"line":358,"column":28},"end":{"line":358,"column":45}}},"40":{"name":"(anonymous_40)","line":370,"loc":{"start":{"line":370,"column":31},"end":{"line":370,"column":51}}},"41":{"name":"(anonymous_41)","line":374,"loc":{"start":{"line":374,"column":32},"end":{"line":374,"column":49}}},"42":{"name":"(anonymous_42)","line":379,"loc":{"start":{"line":379,"column":31},"end":{"line":379,"column":43}}}},"statementMap":{"1":{"start":{"line":4,"column":0},"end":{"line":4,"column":34}},"2":{"start":{"line":6,"column":0},"end":{"line":391,"column":1}},"3":{"start":{"line":12,"column":8},"end":{"line":12,"column":33}},"4":{"start":{"line":15,"column":8},"end":{"line":25,"column":9}},"5":{"start":{"line":28,"column":8},"end":{"line":28,"column":78}},"6":{"start":{"line":31,"column":8},"end":{"line":37,"column":11}},"7":{"start":{"line":33,"column":12},"end":{"line":33,"column":59}},"8":{"start":{"line":35,"column":12},"end":{"line":35,"column":18}},"9":{"start":{"line":40,"column":8},"end":{"line":56,"column":11}},"10":{"start":{"line":42,"column":12},"end":{"line":42,"column":26}},"11":{"start":{"line":44,"column":12},"end":{"line":47,"column":15}},"12":{"start":{"line":45,"column":16},"end":{"line":45,"column":30}},"13":{"start":{"line":49,"column":12},"end":{"line":54,"column":15}},"14":{"start":{"line":52,"column":16},"end":{"line":52,"column":75}},"15":{"start":{"line":58,"column":8},"end":{"line":58,"column":22}},"16":{"start":{"line":65,"column":8},"end":{"line":65,"column":33}},"17":{"start":{"line":68,"column":8},"end":{"line":78,"column":9}},"18":{"start":{"line":81,"column":8},"end":{"line":81,"column":78}},"19":{"start":{"line":84,"column":8},"end":{"line":90,"column":11}},"20":{"start":{"line":86,"column":12},"end":{"line":86,"column":59}},"21":{"start":{"line":88,"column":12},"end":{"line":88,"column":18}},"22":{"start":{"line":93,"column":8},"end":{"line":109,"column":11}},"23":{"start":{"line":95,"column":12},"end":{"line":95,"column":26}},"24":{"start":{"line":97,"column":12},"end":{"line":100,"column":15}},"25":{"start":{"line":98,"column":16},"end":{"line":98,"column":30}},"26":{"start":{"line":102,"column":12},"end":{"line":107,"column":15}},"27":{"start":{"line":105,"column":16},"end":{"line":105,"column":75}},"28":{"start":{"line":111,"column":8},"end":{"line":111,"column":22}},"29":{"start":{"line":118,"column":8},"end":{"line":118,"column":33}},"30":{"start":{"line":121,"column":8},"end":{"line":131,"column":9}},"31":{"start":{"line":134,"column":8},"end":{"line":134,"column":78}},"32":{"start":{"line":137,"column":8},"end":{"line":143,"column":11}},"33":{"start":{"line":139,"column":12},"end":{"line":139,"column":59}},"34":{"start":{"line":141,"column":12},"end":{"line":141,"column":18}},"35":{"start":{"line":146,"column":8},"end":{"line":146,"column":34}},"36":{"start":{"line":149,"column":8},"end":{"line":165,"column":11}},"37":{"start":{"line":151,"column":12},"end":{"line":151,"column":26}},"38":{"start":{"line":153,"column":12},"end":{"line":156,"column":15}},"39":{"start":{"line":154,"column":16},"end":{"line":154,"column":30}},"40":{"start":{"line":158,"column":12},"end":{"line":163,"column":15}},"41":{"start":{"line":161,"column":16},"end":{"line":161,"column":75}},"42":{"start":{"line":167,"column":8},"end":{"line":167,"column":22}},"43":{"start":{"line":174,"column":8},"end":{"line":174,"column":33}},"44":{"start":{"line":177,"column":8},"end":{"line":187,"column":9}},"45":{"start":{"line":190,"column":8},"end":{"line":190,"column":78}},"46":{"start":{"line":193,"column":8},"end":{"line":199,"column":11}},"47":{"start":{"line":195,"column":12},"end":{"line":195,"column":59}},"48":{"start":{"line":197,"column":12},"end":{"line":197,"column":18}},"49":{"start":{"line":202,"column":8},"end":{"line":202,"column":34}},"50":{"start":{"line":205,"column":8},"end":{"line":221,"column":11}},"51":{"start":{"line":207,"column":12},"end":{"line":207,"column":26}},"52":{"start":{"line":209,"column":12},"end":{"line":212,"column":15}},"53":{"start":{"line":210,"column":16},"end":{"line":210,"column":30}},"54":{"start":{"line":214,"column":12},"end":{"line":219,"column":15}},"55":{"start":{"line":217,"column":16},"end":{"line":217,"column":75}},"56":{"start":{"line":223,"column":8},"end":{"line":223,"column":22}},"57":{"start":{"line":230,"column":8},"end":{"line":230,"column":33}},"58":{"start":{"line":233,"column":8},"end":{"line":243,"column":9}},"59":{"start":{"line":246,"column":8},"end":{"line":246,"column":78}},"60":{"start":{"line":249,"column":8},"end":{"line":255,"column":11}},"61":{"start":{"line":251,"column":12},"end":{"line":251,"column":59}},"62":{"start":{"line":253,"column":12},"end":{"line":253,"column":18}},"63":{"start":{"line":258,"column":8},"end":{"line":258,"column":34}},"64":{"start":{"line":261,"column":8},"end":{"line":277,"column":11}},"65":{"start":{"line":263,"column":12},"end":{"line":263,"column":26}},"66":{"start":{"line":265,"column":12},"end":{"line":268,"column":15}},"67":{"start":{"line":266,"column":16},"end":{"line":266,"column":30}},"68":{"start":{"line":270,"column":12},"end":{"line":275,"column":15}},"69":{"start":{"line":273,"column":16},"end":{"line":273,"column":63}},"70":{"start":{"line":279,"column":8},"end":{"line":279,"column":22}},"71":{"start":{"line":286,"column":8},"end":{"line":286,"column":33}},"72":{"start":{"line":289,"column":8},"end":{"line":299,"column":9}},"73":{"start":{"line":302,"column":8},"end":{"line":302,"column":78}},"74":{"start":{"line":305,"column":8},"end":{"line":311,"column":11}},"75":{"start":{"line":307,"column":12},"end":{"line":307,"column":59}},"76":{"start":{"line":309,"column":12},"end":{"line":309,"column":18}},"77":{"start":{"line":314,"column":8},"end":{"line":330,"column":11}},"78":{"start":{"line":316,"column":12},"end":{"line":316,"column":26}},"79":{"start":{"line":318,"column":12},"end":{"line":321,"column":15}},"80":{"start":{"line":319,"column":16},"end":{"line":319,"column":30}},"81":{"start":{"line":323,"column":12},"end":{"line":328,"column":15}},"82":{"start":{"line":326,"column":16},"end":{"line":326,"column":75}},"83":{"start":{"line":332,"column":8},"end":{"line":332,"column":22}},"84":{"start":{"line":339,"column":8},"end":{"line":339,"column":33}},"85":{"start":{"line":342,"column":8},"end":{"line":352,"column":9}},"86":{"start":{"line":355,"column":8},"end":{"line":355,"column":78}},"87":{"start":{"line":358,"column":8},"end":{"line":364,"column":11}},"88":{"start":{"line":360,"column":12},"end":{"line":360,"column":59}},"89":{"start":{"line":362,"column":12},"end":{"line":362,"column":18}},"90":{"start":{"line":367,"column":8},"end":{"line":367,"column":34}},"91":{"start":{"line":370,"column":8},"end":{"line":386,"column":11}},"92":{"start":{"line":372,"column":12},"end":{"line":372,"column":26}},"93":{"start":{"line":374,"column":12},"end":{"line":377,"column":15}},"94":{"start":{"line":375,"column":16},"end":{"line":375,"column":30}},"95":{"start":{"line":379,"column":12},"end":{"line":384,"column":15}},"96":{"start":{"line":382,"column":16},"end":{"line":382,"column":75}},"97":{"start":{"line":388,"column":8},"end":{"line":388,"column":22}}},"branchMap":{}},"D:\\NSALibrary\\resources\\payments.js":{"path":"D:\\NSALibrary\\resources\\payments.js","s":{"1":1,"2":1,"3":4,"4":4,"5":4,"6":4,"7":1,"8":1,"9":4,"10":3,"11":3,"12":3,"13":3,"14":3,"15":4,"16":5,"17":5,"18":5,"19":5,"20":1,"21":1,"22":5,"23":4,"24":4,"25":4,"26":4,"27":4,"28":5,"29":5,"30":5,"31":5,"32":5,"33":1,"34":1,"35":5,"36":4,"37":4,"38":4,"39":4,"40":4,"41":5},"b":{},"f":{"1":4,"2":3,"3":1,"4":3,"5":3,"6":3,"7":5,"8":4,"9":1,"10":4,"11":4,"12":4,"13":5,"14":4,"15":1,"16":4,"17":4,"18":4},"fnMap":{"1":{"name":"(anonymous_1)","line":9,"loc":{"start":{"line":9,"column":15},"end":{"line":9,"column":67}}},"2":{"name":"(anonymous_2)","line":28,"loc":{"start":{"line":28,"column":49},"end":{"line":28,"column":69}}},"3":{"name":"(anonymous_3)","line":31,"loc":{"start":{"line":31,"column":24},"end":{"line":31,"column":41}}},"4":{"name":"(anonymous_4)","line":40,"loc":{"start":{"line":40,"column":27},"end":{"line":40,"column":47}}},"5":{"name":"(anonymous_5)","line":44,"loc":{"start":{"line":44,"column":26},"end":{"line":44,"column":43}}},"6":{"name":"(anonymous_6)","line":48,"loc":{"start":{"line":48,"column":25},"end":{"line":48,"column":37}}},"7":{"name":"(anonymous_7)","line":61,"loc":{"start":{"line":61,"column":22},"end":{"line":61,"column":74}}},"8":{"name":"(anonymous_8)","line":80,"loc":{"start":{"line":80,"column":49},"end":{"line":80,"column":69}}},"9":{"name":"(anonymous_9)","line":83,"loc":{"start":{"line":83,"column":24},"end":{"line":83,"column":41}}},"10":{"name":"(anonymous_10)","line":92,"loc":{"start":{"line":92,"column":27},"end":{"line":92,"column":47}}},"11":{"name":"(anonymous_11)","line":96,"loc":{"start":{"line":96,"column":26},"end":{"line":96,"column":43}}},"12":{"name":"(anonymous_12)","line":100,"loc":{"start":{"line":100,"column":25},"end":{"line":100,"column":37}}},"13":{"name":"(anonymous_13)","line":113,"loc":{"start":{"line":113,"column":20},"end":{"line":113,"column":72}}},"14":{"name":"(anonymous_14)","line":132,"loc":{"start":{"line":132,"column":49},"end":{"line":132,"column":69}}},"15":{"name":"(anonymous_15)","line":135,"loc":{"start":{"line":135,"column":24},"end":{"line":135,"column":41}}},"16":{"name":"(anonymous_16)","line":144,"loc":{"start":{"line":144,"column":27},"end":{"line":144,"column":47}}},"17":{"name":"(anonymous_17)","line":148,"loc":{"start":{"line":148,"column":26},"end":{"line":148,"column":43}}},"18":{"name":"(anonymous_18)","line":152,"loc":{"start":{"line":152,"column":25},"end":{"line":152,"column":37}}}},"statementMap":{"1":{"start":{"line":4,"column":0},"end":{"line":4,"column":34}},"2":{"start":{"line":6,"column":0},"end":{"line":163,"column":1}},"3":{"start":{"line":12,"column":4},"end":{"line":12,"column":29}},"4":{"start":{"line":15,"column":4},"end":{"line":25,"column":5}},"5":{"start":{"line":28,"column":4},"end":{"line":28,"column":74}},"6":{"start":{"line":31,"column":4},"end":{"line":37,"column":7}},"7":{"start":{"line":33,"column":6},"end":{"line":33,"column":53}},"8":{"start":{"line":35,"column":6},"end":{"line":35,"column":12}},"9":{"start":{"line":40,"column":4},"end":{"line":55,"column":7}},"10":{"start":{"line":42,"column":6},"end":{"line":42,"column":20}},"11":{"start":{"line":44,"column":6},"end":{"line":46,"column":9}},"12":{"start":{"line":45,"column":8},"end":{"line":45,"column":22}},"13":{"start":{"line":48,"column":6},"end":{"line":53,"column":9}},"14":{"start":{"line":51,"column":8},"end":{"line":51,"column":67}},"15":{"start":{"line":57,"column":4},"end":{"line":57,"column":18}},"16":{"start":{"line":64,"column":4},"end":{"line":64,"column":29}},"17":{"start":{"line":67,"column":4},"end":{"line":77,"column":5}},"18":{"start":{"line":80,"column":4},"end":{"line":80,"column":74}},"19":{"start":{"line":83,"column":4},"end":{"line":89,"column":7}},"20":{"start":{"line":85,"column":6},"end":{"line":85,"column":53}},"21":{"start":{"line":87,"column":6},"end":{"line":87,"column":12}},"22":{"start":{"line":92,"column":4},"end":{"line":107,"column":7}},"23":{"start":{"line":94,"column":6},"end":{"line":94,"column":20}},"24":{"start":{"line":96,"column":6},"end":{"line":98,"column":9}},"25":{"start":{"line":97,"column":8},"end":{"line":97,"column":22}},"26":{"start":{"line":100,"column":6},"end":{"line":105,"column":9}},"27":{"start":{"line":103,"column":8},"end":{"line":103,"column":67}},"28":{"start":{"line":109,"column":4},"end":{"line":109,"column":18}},"29":{"start":{"line":116,"column":4},"end":{"line":116,"column":29}},"30":{"start":{"line":119,"column":4},"end":{"line":129,"column":5}},"31":{"start":{"line":132,"column":4},"end":{"line":132,"column":74}},"32":{"start":{"line":135,"column":4},"end":{"line":141,"column":7}},"33":{"start":{"line":137,"column":6},"end":{"line":137,"column":53}},"34":{"start":{"line":139,"column":6},"end":{"line":139,"column":12}},"35":{"start":{"line":144,"column":4},"end":{"line":159,"column":7}},"36":{"start":{"line":146,"column":6},"end":{"line":146,"column":20}},"37":{"start":{"line":148,"column":6},"end":{"line":150,"column":9}},"38":{"start":{"line":149,"column":8},"end":{"line":149,"column":22}},"39":{"start":{"line":152,"column":6},"end":{"line":157,"column":9}},"40":{"start":{"line":155,"column":8},"end":{"line":155,"column":67}},"41":{"start":{"line":161,"column":4},"end":{"line":161,"column":18}}},"branchMap":{}},"D:\\NSALibrary\\nationalservicealliance.js":{"path":"D:\\NSALibrary\\nationalservicealliance.js","s":{"1":1,"2":1,"3":1,"4":60,"5":30,"6":30,"7":1,"8":30,"9":1,"10":1,"11":1,"12":1,"13":1,"14":1,"15":1,"16":1,"17":1,"18":1,"19":1,"20":1,"21":1,"22":1,"23":1,"24":2,"25":2,"26":2,"27":1,"28":1,"29":1,"30":1,"31":1,"32":1,"33":1,"34":1,"35":1,"36":2,"37":2,"38":2,"39":1,"40":1,"41":1,"42":1,"43":1,"44":1,"45":1,"46":1,"47":1,"48":1,"49":1,"50":1,"51":1,"52":1,"53":1,"54":1,"55":1,"56":1,"57":1,"58":1,"59":1,"60":1,"61":1,"62":1,"63":1,"64":1,"65":1,"66":1,"67":1,"68":1,"69":1,"70":1,"71":1,"72":1,"73":1,"74":1,"75":1,"76":1,"77":1,"78":1,"79":1,"80":1,"81":1,"82":1,"83":1,"84":1,"85":1,"86":1,"87":1,"88":1,"89":1,"90":1,"91":1,"92":1,"93":1,"94":1},"b":{"1":[30,30]},"f":{"1":60,"2":30,"3":1,"4":1,"5":1,"6":1,"7":2,"8":1,"9":1,"10":1,"11":2,"12":1,"13":1,"14":1,"15":1,"16":1,"17":1,"18":1,"19":1,"20":1,"21":1,"22":1,"23":1,"24":1,"25":1},"fnMap":{"1":{"name":"NationalServiceAlliance","line":10,"loc":{"start":{"line":10,"column":0},"end":{"line":10,"column":40}}},"2":{"name":"(anonymous_2)","line":24,"loc":{"start":{"line":24,"column":14},"end":{"line":24,"column":31}}},"3":{"name":"(anonymous_3)","line":32,"loc":{"start":{"line":32,"column":13},"end":{"line":32,"column":32}}},"4":{"name":"(anonymous_4)","line":40,"loc":{"start":{"line":40,"column":15},"end":{"line":40,"column":38}}},"5":{"name":"(anonymous_5)","line":48,"loc":{"start":{"line":48,"column":16},"end":{"line":48,"column":52}}},"6":{"name":"(anonymous_6)","line":57,"loc":{"start":{"line":57,"column":24},"end":{"line":57,"column":60}}},"7":{"name":"(anonymous_7)","line":68,"loc":{"start":{"line":68,"column":11},"end":{"line":68,"column":50}}},"8":{"name":"(anonymous_8)","line":75,"loc":{"start":{"line":75,"column":18},"end":{"line":75,"column":37}}},"9":{"name":"(anonymous_9)","line":81,"loc":{"start":{"line":81,"column":12},"end":{"line":81,"column":31}}},"10":{"name":"(anonymous_10)","line":89,"loc":{"start":{"line":89,"column":22},"end":{"line":89,"column":41}}},"11":{"name":"(anonymous_11)","line":95,"loc":{"start":{"line":95,"column":30},"end":{"line":95,"column":49}}},"12":{"name":"(anonymous_12)","line":101,"loc":{"start":{"line":101,"column":21},"end":{"line":101,"column":53}}},"13":{"name":"(anonymous_13)","line":107,"loc":{"start":{"line":107,"column":30},"end":{"line":107,"column":68}}},"14":{"name":"(anonymous_14)","line":116,"loc":{"start":{"line":116,"column":30},"end":{"line":116,"column":55}}},"15":{"name":"(anonymous_15)","line":123,"loc":{"start":{"line":123,"column":32},"end":{"line":123,"column":64}}},"16":{"name":"(anonymous_16)","line":132,"loc":{"start":{"line":132,"column":19},"end":{"line":132,"column":51}}},"17":{"name":"(anonymous_17)","line":139,"loc":{"start":{"line":139,"column":35},"end":{"line":139,"column":70}}},"18":{"name":"(anonymous_18)","line":146,"loc":{"start":{"line":146,"column":38},"end":{"line":146,"column":86}}},"19":{"name":"(anonymous_19)","line":155,"loc":{"start":{"line":155,"column":31},"end":{"line":155,"column":79}}},"20":{"name":"(anonymous_20)","line":164,"loc":{"start":{"line":164,"column":33},"end":{"line":164,"column":81}}},"21":{"name":"(anonymous_21)","line":173,"loc":{"start":{"line":173,"column":30},"end":{"line":173,"column":65}}},"22":{"name":"(anonymous_22)","line":180,"loc":{"start":{"line":180,"column":30},"end":{"line":180,"column":78}}},"23":{"name":"(anonymous_23)","line":190,"loc":{"start":{"line":190,"column":18},"end":{"line":190,"column":50}}},"24":{"name":"(anonymous_24)","line":197,"loc":{"start":{"line":197,"column":27},"end":{"line":197,"column":55}}},"25":{"name":"(anonymous_25)","line":204,"loc":{"start":{"line":204,"column":26},"end":{"line":204,"column":53}}}},"statementMap":{"1":{"start":{"line":4,"column":0},"end":{"line":4,"column":33}},"2":{"start":{"line":7,"column":0},"end":{"line":7,"column":15}},"3":{"start":{"line":10,"column":0},"end":{"line":17,"column":1}},"4":{"start":{"line":12,"column":4},"end":{"line":14,"column":5}},"5":{"start":{"line":13,"column":8},"end":{"line":13,"column":50}},"6":{"start":{"line":16,"column":4},"end":{"line":16,"column":25}},"7":{"start":{"line":20,"column":0},"end":{"line":211,"column":1}},"8":{"start":{"line":26,"column":8},"end":{"line":26,"column":29}},"9":{"start":{"line":33,"column":8},"end":{"line":33,"column":54}},"10":{"start":{"line":34,"column":8},"end":{"line":34,"column":50}},"11":{"start":{"line":35,"column":8},"end":{"line":35,"column":57}},"12":{"start":{"line":41,"column":8},"end":{"line":41,"column":56}},"13":{"start":{"line":42,"column":8},"end":{"line":42,"column":52}},"14":{"start":{"line":43,"column":8},"end":{"line":43,"column":24}},"15":{"start":{"line":45,"column":8},"end":{"line":45,"column":58}},"16":{"start":{"line":49,"column":8},"end":{"line":49,"column":57}},"17":{"start":{"line":50,"column":8},"end":{"line":50,"column":53}},"18":{"start":{"line":51,"column":8},"end":{"line":51,"column":24}},"19":{"start":{"line":54,"column":8},"end":{"line":54,"column":88}},"20":{"start":{"line":58,"column":8},"end":{"line":58,"column":65}},"21":{"start":{"line":59,"column":8},"end":{"line":59,"column":61}},"22":{"start":{"line":60,"column":8},"end":{"line":60,"column":38}},"23":{"start":{"line":63,"column":8},"end":{"line":63,"column":94}},"24":{"start":{"line":69,"column":8},"end":{"line":69,"column":52}},"25":{"start":{"line":70,"column":8},"end":{"line":70,"column":48}},"26":{"start":{"line":71,"column":8},"end":{"line":71,"column":88}},"27":{"start":{"line":76,"column":8},"end":{"line":76,"column":59}},"28":{"start":{"line":77,"column":8},"end":{"line":77,"column":55}},"29":{"start":{"line":78,"column":8},"end":{"line":78,"column":75}},"30":{"start":{"line":82,"column":8},"end":{"line":82,"column":53}},"31":{"start":{"line":83,"column":8},"end":{"line":83,"column":49}},"32":{"start":{"line":84,"column":8},"end":{"line":84,"column":56}},"33":{"start":{"line":90,"column":8},"end":{"line":90,"column":63}},"34":{"start":{"line":91,"column":8},"end":{"line":91,"column":59}},"35":{"start":{"line":92,"column":8},"end":{"line":92,"column":65}},"36":{"start":{"line":96,"column":8},"end":{"line":96,"column":71}},"37":{"start":{"line":97,"column":8},"end":{"line":97,"column":67}},"38":{"start":{"line":98,"column":8},"end":{"line":98,"column":73}},"39":{"start":{"line":102,"column":8},"end":{"line":102,"column":65}},"40":{"start":{"line":103,"column":8},"end":{"line":103,"column":61}},"41":{"start":{"line":104,"column":8},"end":{"line":104,"column":95}},"42":{"start":{"line":108,"column":8},"end":{"line":108,"column":71}},"43":{"start":{"line":109,"column":8},"end":{"line":109,"column":67}},"44":{"start":{"line":110,"column":8},"end":{"line":110,"column":26}},"45":{"start":{"line":113,"column":8},"end":{"line":113,"column":100}},"46":{"start":{"line":117,"column":8},"end":{"line":117,"column":71}},"47":{"start":{"line":118,"column":8},"end":{"line":118,"column":67}},"48":{"start":{"line":119,"column":8},"end":{"line":119,"column":26}},"49":{"start":{"line":120,"column":8},"end":{"line":120,"column":74}},"50":{"start":{"line":124,"column":8},"end":{"line":124,"column":73}},"51":{"start":{"line":125,"column":8},"end":{"line":125,"column":69}},"52":{"start":{"line":128,"column":8},"end":{"line":128,"column":103}},"53":{"start":{"line":133,"column":8},"end":{"line":133,"column":61}},"54":{"start":{"line":134,"column":8},"end":{"line":134,"column":57}},"55":{"start":{"line":135,"column":8},"end":{"line":135,"column":33}},"56":{"start":{"line":136,"column":8},"end":{"line":136,"column":63}},"57":{"start":{"line":140,"column":8},"end":{"line":140,"column":77}},"58":{"start":{"line":141,"column":8},"end":{"line":141,"column":73}},"59":{"start":{"line":142,"column":8},"end":{"line":142,"column":36}},"60":{"start":{"line":143,"column":8},"end":{"line":143,"column":79}},"61":{"start":{"line":147,"column":8},"end":{"line":147,"column":79}},"62":{"start":{"line":148,"column":8},"end":{"line":148,"column":75}},"63":{"start":{"line":149,"column":8},"end":{"line":149,"column":36}},"64":{"start":{"line":152,"column":8},"end":{"line":152,"column":111}},"65":{"start":{"line":156,"column":8},"end":{"line":156,"column":72}},"66":{"start":{"line":157,"column":8},"end":{"line":157,"column":68}},"67":{"start":{"line":158,"column":8},"end":{"line":158,"column":51}},"68":{"start":{"line":161,"column":8},"end":{"line":161,"column":104}},"69":{"start":{"line":165,"column":8},"end":{"line":165,"column":74}},"70":{"start":{"line":166,"column":8},"end":{"line":166,"column":70}},"71":{"start":{"line":167,"column":8},"end":{"line":167,"column":59}},"72":{"start":{"line":170,"column":8},"end":{"line":170,"column":106}},"73":{"start":{"line":174,"column":8},"end":{"line":174,"column":72}},"74":{"start":{"line":175,"column":8},"end":{"line":175,"column":68}},"75":{"start":{"line":176,"column":8},"end":{"line":176,"column":53}},"76":{"start":{"line":177,"column":8},"end":{"line":177,"column":74}},"77":{"start":{"line":181,"column":8},"end":{"line":181,"column":74}},"78":{"start":{"line":182,"column":8},"end":{"line":182,"column":70}},"79":{"start":{"line":183,"column":8},"end":{"line":183,"column":53}},"80":{"start":{"line":186,"column":8},"end":{"line":186,"column":103}},"81":{"start":{"line":191,"column":8},"end":{"line":191,"column":59}},"82":{"start":{"line":192,"column":8},"end":{"line":192,"column":55}},"83":{"start":{"line":193,"column":8},"end":{"line":193,"column":33}},"84":{"start":{"line":194,"column":8},"end":{"line":194,"column":61}},"85":{"start":{"line":198,"column":8},"end":{"line":198,"column":68}},"86":{"start":{"line":199,"column":8},"end":{"line":199,"column":64}},"87":{"start":{"line":200,"column":8},"end":{"line":200,"column":29}},"88":{"start":{"line":201,"column":8},"end":{"line":201,"column":68}},"89":{"start":{"line":205,"column":8},"end":{"line":205,"column":67}},"90":{"start":{"line":206,"column":8},"end":{"line":206,"column":63}},"91":{"start":{"line":207,"column":8},"end":{"line":207,"column":28}},"92":{"start":{"line":208,"column":8},"end":{"line":208,"column":66}},"93":{"start":{"line":213,"column":0},"end":{"line":213,"column":41}},"94":{"start":{"line":216,"column":0},"end":{"line":216,"column":65}}},"branchMap":{"1":{"line":12,"type":"if","locations":[{"start":{"line":12,"column":4},"end":{"line":12,"column":4}},{"start":{"line":12,"column":4},"end":{"line":12,"column":4}}]}}}}