TN:
SF:D:\NSALibrary\global.js
FNF:0
FNH:0
DA:4,1
DA:5,1
DA:8,1
DA:9,1
DA:10,1
DA:11,1
DA:12,1
DA:13,1
DA:16,1
DA:19,1
DA:20,1
DA:23,1
DA:26,1
DA:27,1
LF:14
LH:14
BRF:0
BRH:0
end_of_record
TN:
SF:D:\NSALibrary\NsaMethods.js
FN:12,(anonymous_1)
FN:17,(anonymous_2)
FN:21,(anonymous_3)
FN:25,(anonymous_4)
FN:30,(anonymous_5)
FN:34,(anonymous_6)
FN:38,(anonymous_7)
FN:43,(anonymous_8)
FN:47,(anonymous_9)
FN:51,(anonymous_10)
FN:55,(anonymous_11)
FN:59,(anonymous_12)
FN:63,(anonymous_13)
FN:68,(anonymous_14)
FN:72,(anonymous_15)
FN:76,(anonymous_16)
FN:80,(anonymous_17)
FN:84,(anonymous_18)
FN:88,(anonymous_19)
FN:92,(anonymous_20)
FN:97,(anonymous_21)
FN:101,(anonymous_22)
FN:105,(anonymous_23)
FNF:23
FNH:23
FNDA:1,(anonymous_1)
FNDA:1,(anonymous_2)
FNDA:1,(anonymous_3)
FNDA:1,(anonymous_4)
FNDA:2,(anonymous_5)
FNDA:1,(anonymous_6)
FNDA:1,(anonymous_7)
FNDA:1,(anonymous_8)
FNDA:2,(anonymous_9)
FNDA:1,(anonymous_10)
FNDA:1,(anonymous_11)
FNDA:1,(anonymous_12)
FNDA:1,(anonymous_13)
FNDA:1,(anonymous_14)
FNDA:1,(anonymous_15)
FNDA:1,(anonymous_16)
FNDA:1,(anonymous_17)
FNDA:1,(anonymous_18)
FNDA:1,(anonymous_19)
FNDA:1,(anonymous_20)
FNDA:1,(anonymous_21)
FNDA:1,(anonymous_22)
FNDA:1,(anonymous_23)
DA:4,1
DA:7,1
DA:10,1
DA:13,1
DA:18,1
DA:22,1
DA:26,1
DA:31,2
DA:35,1
DA:39,1
DA:44,1
DA:48,2
DA:52,1
DA:56,1
DA:60,1
DA:64,1
DA:69,1
DA:73,1
DA:77,1
DA:81,1
DA:85,1
DA:89,1
DA:93,1
DA:98,1
DA:102,1
DA:106,1
LF:26
LH:26
BRF:0
BRH:0
end_of_record
TN:
SF:D:\NSALibrary\NsaMethods.basic.js
FN:138,nsaMethod
FNF:1
FNH:1
FNDA:23,nsaMethod
DA:3,1
DA:6,1
DA:138,1
DA:140,23
DA:146,1
LF:5
LH:5
BRF:0
BRH:0
end_of_record
TN:
SF:D:\NSALibrary\resources\welcome.js
FN:9,(anonymous_1)
FN:20,(anonymous_2)
FN:23,(anonymous_3)
FN:32,(anonymous_4)
FN:36,(anonymous_5)
FN:40,(anonymous_6)
FNF:6
FNH:6
FNDA:3,(anonymous_1)
FNDA:2,(anonymous_2)
FNDA:1,(anonymous_3)
FNDA:2,(anonymous_4)
FNDA:2,(anonymous_5)
FNDA:2,(anonymous_6)
DA:4,1
DA:6,1
DA:12,3
DA:20,3
DA:23,3
DA:25,1
DA:27,1
DA:32,3
DA:34,2
DA:36,2
DA:37,2
DA:40,2
DA:42,2
DA:48,3
LF:14
LH:14
BRF:0
BRH:0
end_of_record
TN:
SF:D:\NSALibrary\resources\authorizations.js
FN:12,(anonymous_1)
FN:27,(anonymous_2)
FN:30,(anonymous_3)
FN:39,(anonymous_4)
FN:43,(anonymous_5)
FN:49,(anonymous_6)
FN:63,(anonymous_7)
FN:81,(anonymous_8)
FN:85,(anonymous_9)
FN:94,(anonymous_10)
FN:98,(anonymous_11)
FN:102,(anonymous_12)
FN:114,(anonymous_13)
FN:132,(anonymous_14)
FN:135,(anonymous_15)
FN:144,(anonymous_16)
FN:148,(anonymous_17)
FN:152,(anonymous_18)
FNF:18
FNH:18
FNDA:5,(anonymous_1)
FNDA:4,(anonymous_2)
FNDA:1,(anonymous_3)
FNDA:4,(anonymous_4)
FNDA:4,(anonymous_5)
FNDA:4,(anonymous_6)
FNDA:4,(anonymous_7)
FNDA:3,(anonymous_8)
FNDA:1,(anonymous_9)
FNDA:3,(anonymous_10)
FNDA:3,(anonymous_11)
FNDA:3,(anonymous_12)
FNDA:5,(anonymous_13)
FNDA:4,(anonymous_14)
FNDA:1,(anonymous_15)
FNDA:4,(anonymous_16)
FNDA:2,(anonymous_17)
FNDA:4,(anonymous_18)
DA:4,1
DA:7,1
DA:9,1
DA:15,5
DA:18,5
DA:27,5
DA:30,5
DA:32,1
DA:34,1
DA:39,5
DA:41,4
DA:43,4
DA:44,4
DA:49,4
DA:52,4
DA:58,5
DA:66,4
DA:69,4
DA:81,4
DA:85,4
DA:87,1
DA:89,1
DA:94,4
DA:96,3
DA:98,3
DA:99,3
DA:102,3
DA:105,3
DA:110,4
DA:117,5
DA:120,5
DA:132,5
DA:135,5
DA:137,1
DA:139,1
DA:144,5
DA:146,4
DA:148,4
DA:149,2
DA:152,4
DA:155,4
DA:161,5
LF:42
LH:42
BRF:0
BRH:0
end_of_record
TN:
SF:D:\NSALibrary\resources\users.js
FN:9,(anonymous_1)
FN:28,(anonymous_2)
FN:31,(anonymous_3)
FN:40,(anonymous_4)
FN:44,(anonymous_5)
FN:48,(anonymous_6)
FN:61,(anonymous_7)
FN:80,(anonymous_8)
FN:83,(anonymous_9)
FN:94,(anonymous_10)
FN:98,(anonymous_11)
FN:102,(anonymous_12)
FN:115,(anonymous_13)
FN:135,(anonymous_14)
FN:138,(anonymous_15)
FN:150,(anonymous_16)
FN:154,(anonymous_17)
FN:158,(anonymous_18)
FNF:18
FNH:18
FNDA:5,(anonymous_1)
FNDA:4,(anonymous_2)
FNDA:1,(anonymous_3)
FNDA:4,(anonymous_4)
FNDA:4,(anonymous_5)
FNDA:4,(anonymous_6)
FNDA:11,(anonymous_7)
FNDA:10,(anonymous_8)
FNDA:1,(anonymous_9)
FNDA:10,(anonymous_10)
FNDA:10,(anonymous_11)
FNDA:10,(anonymous_12)
FNDA:10,(anonymous_13)
FNDA:9,(anonymous_14)
FNDA:1,(anonymous_15)
FNDA:9,(anonymous_16)
FNDA:9,(anonymous_17)
FNDA:9,(anonymous_18)
DA:4,1
DA:6,1
DA:12,5
DA:15,5
DA:28,5
DA:31,5
DA:33,1
DA:35,1
DA:40,5
DA:42,4
DA:44,4
DA:45,4
DA:48,4
DA:51,4
DA:57,5
DA:64,11
DA:67,11
DA:80,11
DA:83,11
DA:85,1
DA:87,1
DA:92,11
DA:94,11
DA:96,10
DA:98,10
DA:99,10
DA:102,10
DA:105,10
DA:111,11
DA:118,10
DA:121,10
DA:135,10
DA:138,10
DA:140,1
DA:142,1
DA:147,10
DA:150,10
DA:152,9
DA:154,9
DA:155,9
DA:158,9
DA:161,9
DA:167,10
LF:43
LH:43
BRF:0
BRH:0
end_of_record
TN:
SF:D:\NSALibrary\resources\availability.js
FN:9,(anonymous_1)
FN:28,(anonymous_2)
FN:32,(anonymous_3)
FN:41,(anonymous_4)
FN:45,(anonymous_5)
FN:49,(anonymous_6)
FN:61,(anonymous_7)
FN:80,(anonymous_8)
FN:83,(anonymous_9)
FN:92,(anonymous_10)
FN:96,(anonymous_11)
FN:100,(anonymous_12)
FN:113,(anonymous_13)
FN:133,(anonymous_14)
FN:136,(anonymous_15)
FN:147,(anonymous_16)
FN:151,(anonymous_17)
FN:155,(anonymous_18)
FN:167,(anonymous_19)
FN:187,(anonymous_20)
FN:190,(anonymous_21)
FN:201,(anonymous_22)
FN:205,(anonymous_23)
FN:209,(anonymous_24)
FN:221,(anonymous_25)
FN:241,(anonymous_26)
FN:244,(anonymous_27)
FN:253,(anonymous_28)
FN:257,(anonymous_29)
FN:261,(anonymous_30)
FN:273,(anonymous_31)
FN:293,(anonymous_32)
FN:296,(anonymous_33)
FN:307,(anonymous_34)
FN:311,(anonymous_35)
FN:315,(anonymous_36)
FNF:36
FNH:36
FNDA:4,(anonymous_1)
FNDA:3,(anonymous_2)
FNDA:1,(anonymous_3)
FNDA:3,(anonymous_4)
FNDA:3,(anonymous_5)
FNDA:3,(anonymous_6)
FNDA:5,(anonymous_7)
FNDA:4,(anonymous_8)
FNDA:1,(anonymous_9)
FNDA:4,(anonymous_10)
FNDA:4,(anonymous_11)
FNDA:4,(anonymous_12)
FNDA:7,(anonymous_13)
FNDA:6,(anonymous_14)
FNDA:1,(anonymous_15)
FNDA:6,(anonymous_16)
FNDA:6,(anonymous_17)
FNDA:6,(anonymous_18)
FNDA:8,(anonymous_19)
FNDA:7,(anonymous_20)
FNDA:1,(anonymous_21)
FNDA:7,(anonymous_22)
FNDA:7,(anonymous_23)
FNDA:7,(anonymous_24)
FNDA:6,(anonymous_25)
FNDA:5,(anonymous_26)
FNDA:1,(anonymous_27)
FNDA:5,(anonymous_28)
FNDA:5,(anonymous_29)
FNDA:5,(anonymous_30)
FNDA:6,(anonymous_31)
FNDA:5,(anonymous_32)
FNDA:1,(anonymous_33)
FNDA:5,(anonymous_34)
FNDA:5,(anonymous_35)
FNDA:5,(anonymous_36)
DA:4,1
DA:6,1
DA:12,4
DA:15,4
DA:28,4
DA:32,4
DA:34,1
DA:36,1
DA:41,4
DA:43,3
DA:45,3
DA:46,3
DA:49,3
DA:52,3
DA:57,4
DA:64,5
DA:67,5
DA:80,5
DA:83,5
DA:85,1
DA:87,1
DA:92,5
DA:94,4
DA:96,4
DA:97,4
DA:100,4
DA:103,4
DA:108,5
DA:116,7
DA:119,7
DA:133,7
DA:136,7
DA:138,1
DA:140,1
DA:145,7
DA:147,7
DA:149,6
DA:151,6
DA:152,6
DA:155,6
DA:158,6
DA:163,7
DA:170,8
DA:173,8
DA:187,8
DA:190,8
DA:192,1
DA:194,1
DA:199,8
DA:201,8
DA:203,7
DA:205,7
DA:206,7
DA:209,7
DA:212,7
DA:217,8
DA:224,6
DA:227,6
DA:241,6
DA:244,6
DA:246,1
DA:248,1
DA:253,6
DA:255,5
DA:257,5
DA:258,5
DA:261,5
DA:264,5
DA:269,6
DA:276,6
DA:279,6
DA:293,6
DA:296,6
DA:298,1
DA:300,1
DA:305,6
DA:307,6
DA:309,5
DA:311,5
DA:312,5
DA:315,5
DA:318,5
DA:323,6
LF:83
LH:83
BRF:0
BRH:0
end_of_record
TN:
SF:D:\NSALibrary\resources\dispatches.js
FN:9,(anonymous_1)
FN:28,(anonymous_2)
FN:31,(anonymous_3)
FN:40,(anonymous_4)
FN:44,(anonymous_5)
FN:49,(anonymous_6)
FN:62,(anonymous_7)
FN:81,(anonymous_8)
FN:84,(anonymous_9)
FN:93,(anonymous_10)
FN:97,(anonymous_11)
FN:102,(anonymous_12)
FN:115,(anonymous_13)
FN:134,(anonymous_14)
FN:137,(anonymous_15)
FN:149,(anonymous_16)
FN:153,(anonymous_17)
FN:158,(anonymous_18)
FN:171,(anonymous_19)
FN:190,(anonymous_20)
FN:193,(anonymous_21)
FN:205,(anonymous_22)
FN:209,(anonymous_23)
FN:214,(anonymous_24)
FN:227,(anonymous_25)
FN:246,(anonymous_26)
FN:249,(anonymous_27)
FN:261,(anonymous_28)
FN:265,(anonymous_29)
FN:270,(anonymous_30)
FN:283,(anonymous_31)
FN:302,(anonymous_32)
FN:305,(anonymous_33)
FN:314,(anonymous_34)
FN:318,(anonymous_35)
FN:323,(anonymous_36)
FN:336,(anonymous_37)
FN:355,(anonymous_38)
FN:358,(anonymous_39)
FN:370,(anonymous_40)
FN:374,(anonymous_41)
FN:379,(anonymous_42)
FNF:42
FNH:42
FNDA:4,(anonymous_1)
FNDA:3,(anonymous_2)
FNDA:1,(anonymous_3)
FNDA:3,(anonymous_4)
FNDA:34,(anonymous_5)
FNDA:3,(anonymous_6)
FNDA:5,(anonymous_7)
FNDA:4,(anonymous_8)
FNDA:1,(anonymous_9)
FNDA:4,(anonymous_10)
FNDA:20,(anonymous_11)
FNDA:4,(anonymous_12)
FNDA:8,(anonymous_13)
FNDA:7,(anonymous_14)
FNDA:1,(anonymous_15)
FNDA:7,(anonymous_16)
FNDA:7,(anonymous_17)
FNDA:7,(anonymous_18)
FNDA:10,(anonymous_19)
FNDA:9,(anonymous_20)
FNDA:1,(anonymous_21)
FNDA:9,(anonymous_22)
FNDA:9,(anonymous_23)
FNDA:9,(anonymous_24)
FNDA:6,(anonymous_25)
FNDA:5,(anonymous_26)
FNDA:1,(anonymous_27)
FNDA:5,(anonymous_28)
FNDA:5,(anonymous_29)
FNDA:5,(anonymous_30)
FNDA:5,(anonymous_31)
FNDA:4,(anonymous_32)
FNDA:1,(anonymous_33)
FNDA:4,(anonymous_34)
FNDA:20,(anonymous_35)
FNDA:4,(anonymous_36)
FNDA:8,(anonymous_37)
FNDA:7,(anonymous_38)
FNDA:1,(anonymous_39)
FNDA:7,(anonymous_40)
FNDA:7,(anonymous_41)
FNDA:7,(anonymous_42)
DA:4,1
DA:6,1
DA:12,4
DA:15,4
DA:28,4
DA:31,4
DA:33,1
DA:35,1
DA:40,4
DA:42,3
DA:44,3
DA:45,34
DA:49,3
DA:52,3
DA:58,4
DA:65,5
DA:68,5
DA:81,5
DA:84,5
DA:86,1
DA:88,1
DA:93,5
DA:95,4
DA:97,4
DA:98,20
DA:102,4
DA:105,4
DA:111,5
DA:118,8
DA:121,8
DA:134,8
DA:137,8
DA:139,1
DA:141,1
DA:146,8
DA:149,8
DA:151,7
DA:153,7
DA:154,7
DA:158,7
DA:161,7
DA:167,8
DA:174,10
DA:177,10
DA:190,10
DA:193,10
DA:195,1
DA:197,1
DA:202,10
DA:205,10
DA:207,9
DA:209,9
DA:210,9
DA:214,9
DA:217,9
DA:223,10
DA:230,6
DA:233,6
DA:246,6
DA:249,6
DA:251,1
DA:253,1
DA:258,6
DA:261,6
DA:263,5
DA:265,5
DA:266,5
DA:270,5
DA:273,5
DA:279,6
DA:286,5
DA:289,5
DA:302,5
DA:305,5
DA:307,1
DA:309,1
DA:314,5
DA:316,4
DA:318,4
DA:319,20
DA:323,4
DA:326,4
DA:332,5
DA:339,8
DA:342,8
DA:355,8
DA:358,8
DA:360,1
DA:362,1
DA:367,8
DA:370,8
DA:372,7
DA:374,7
DA:375,7
DA:379,7
DA:382,7
DA:388,8
LF:97
LH:97
BRF:0
BRH:0
end_of_record
TN:
SF:D:\NSALibrary\resources\payments.js
FN:9,(anonymous_1)
FN:28,(anonymous_2)
FN:31,(anonymous_3)
FN:40,(anonymous_4)
FN:44,(anonymous_5)
FN:48,(anonymous_6)
FN:61,(anonymous_7)
FN:80,(anonymous_8)
FN:83,(anonymous_9)
FN:92,(anonymous_10)
FN:96,(anonymous_11)
FN:100,(anonymous_12)
FN:113,(anonymous_13)
FN:132,(anonymous_14)
FN:135,(anonymous_15)
FN:144,(anonymous_16)
FN:148,(anonymous_17)
FN:152,(anonymous_18)
FNF:18
FNH:18
FNDA:4,(anonymous_1)
FNDA:3,(anonymous_2)
FNDA:1,(anonymous_3)
FNDA:3,(anonymous_4)
FNDA:3,(anonymous_5)
FNDA:3,(anonymous_6)
FNDA:5,(anonymous_7)
FNDA:4,(anonymous_8)
FNDA:1,(anonymous_9)
FNDA:4,(anonymous_10)
FNDA:4,(anonymous_11)
FNDA:4,(anonymous_12)
FNDA:5,(anonymous_13)
FNDA:4,(anonymous_14)
FNDA:1,(anonymous_15)
FNDA:4,(anonymous_16)
FNDA:4,(anonymous_17)
FNDA:4,(anonymous_18)
DA:4,1
DA:6,1
DA:12,4
DA:15,4
DA:28,4
DA:31,4
DA:33,1
DA:35,1
DA:40,4
DA:42,3
DA:44,3
DA:45,3
DA:48,3
DA:51,3
DA:57,4
DA:64,5
DA:67,5
DA:80,5
DA:83,5
DA:85,1
DA:87,1
DA:92,5
DA:94,4
DA:96,4
DA:97,4
DA:100,4
DA:103,4
DA:109,5
DA:116,5
DA:119,5
DA:132,5
DA:135,5
DA:137,1
DA:139,1
DA:144,5
DA:146,4
DA:148,4
DA:149,4
DA:152,4
DA:155,4
DA:161,5
LF:41
LH:41
BRF:0
BRH:0
end_of_record
TN:
SF:D:\NSALibrary\nationalservicealliance.js
FN:10,NationalServiceAlliance
FN:24,(anonymous_2)
FN:32,(anonymous_3)
FN:40,(anonymous_4)
FN:48,(anonymous_5)
FN:57,(anonymous_6)
FN:68,(anonymous_7)
FN:75,(anonymous_8)
FN:81,(anonymous_9)
FN:89,(anonymous_10)
FN:95,(anonymous_11)
FN:101,(anonymous_12)
FN:107,(anonymous_13)
FN:116,(anonymous_14)
FN:123,(anonymous_15)
FN:132,(anonymous_16)
FN:139,(anonymous_17)
FN:146,(anonymous_18)
FN:155,(anonymous_19)
FN:164,(anonymous_20)
FN:173,(anonymous_21)
FN:180,(anonymous_22)
FN:190,(anonymous_23)
FN:197,(anonymous_24)
FN:204,(anonymous_25)
FNF:25
FNH:25
FNDA:60,NationalServiceAlliance
FNDA:30,(anonymous_2)
FNDA:1,(anonymous_3)
FNDA:1,(anonymous_4)
FNDA:1,(anonymous_5)
FNDA:1,(anonymous_6)
FNDA:2,(anonymous_7)
FNDA:1,(anonymous_8)
FNDA:1,(anonymous_9)
FNDA:1,(anonymous_10)
FNDA:2,(anonymous_11)
FNDA:1,(anonymous_12)
FNDA:1,(anonymous_13)
FNDA:1,(anonymous_14)
FNDA:1,(anonymous_15)
FNDA:1,(anonymous_16)
FNDA:1,(anonymous_17)
FNDA:1,(anonymous_18)
FNDA:1,(anonymous_19)
FNDA:1,(anonymous_20)
FNDA:1,(anonymous_21)
FNDA:1,(anonymous_22)
FNDA:1,(anonymous_23)
FNDA:1,(anonymous_24)
FNDA:1,(anonymous_25)
DA:4,1
DA:7,1
DA:10,1
DA:12,60
DA:13,30
DA:16,30
DA:20,1
DA:26,30
DA:33,1
DA:34,1
DA:35,1
DA:41,1
DA:42,1
DA:43,1
DA:45,1
DA:49,1
DA:50,1
DA:51,1
DA:54,1
DA:58,1
DA:59,1
DA:60,1
DA:63,1
DA:69,2
DA:70,2
DA:71,2
DA:76,1
DA:77,1
DA:78,1
DA:82,1
DA:83,1
DA:84,1
DA:90,1
DA:91,1
DA:92,1
DA:96,2
DA:97,2
DA:98,2
DA:102,1
DA:103,1
DA:104,1
DA:108,1
DA:109,1
DA:110,1
DA:113,1
DA:117,1
DA:118,1
DA:119,1
DA:120,1
DA:124,1
DA:125,1
DA:128,1
DA:133,1
DA:134,1
DA:135,1
DA:136,1
DA:140,1
DA:141,1
DA:142,1
DA:143,1
DA:147,1
DA:148,1
DA:149,1
DA:152,1
DA:156,1
DA:157,1
DA:158,1
DA:161,1
DA:165,1
DA:166,1
DA:167,1
DA:170,1
DA:174,1
DA:175,1
DA:176,1
DA:177,1
DA:181,1
DA:182,1
DA:183,1
DA:186,1
DA:191,1
DA:192,1
DA:193,1
DA:194,1
DA:198,1
DA:199,1
DA:200,1
DA:201,1
DA:205,1
DA:206,1
DA:207,1
DA:208,1
DA:213,1
DA:216,1
LF:94
LH:94
BRDA:12,1,0,30
BRDA:12,1,1,30
BRF:2
BRH:2
end_of_record
